<?xml version="1.0" encoding="UTF-8"?>
<!-- Generated by org.testng.reporters.JUnitReportReporter -->
<testsuite skipped="0" hostname="DESKTOP-2GC9680" name="com.bit.macy.SmokeTest" tests="1" failures="0" timestamp="21 Mar 2018 15:17:04 GMT" time="25.480" errors="0">
  <testcase name="test1" time="25.480" classname="com.bit.macy.SmokeTest"/>
</testsuite> <!-- com.bit.macy.SmokeTest -->
